2025-09-16 00:49:10,579 - INFO - Starting NinjaTrader 8 ML Trading System
2025-09-16 00:49:10,580 - INFO - Connected to NinjaTrader 8 at 127.0.0.1:36973
2025-09-16 00:49:10,581 - INFO - Training ML model...
2025-09-16 00:49:10,738 - INFO - Model trained with accuracy: 1.000
2025-09-16 00:49:10,739 - INFO - Subscribed to market data for ES 12-24
2025-09-16 00:49:11,739 - INFO - Trading system started successfully
2025-09-16 00:49:11,740 - INFO - Starting main trading loop...
2025-09-16 00:49:20,614 - ERROR - Error in message listener: timed out
2025-09-16 00:52:34,751 - INFO - Disconnected from NinjaTrader 8
2025-09-16 00:52:34,752 - INFO - Trading system stopped
2025-09-16 00:52:34,753 - INFO - Disconnected from NinjaTrader 8
2025-09-16 00:52:34,753 - INFO - Trading system stopped
2025-09-16 01:01:11,467 - INFO - Starting NinjaTrader 8 ML Trading System
2025-09-16 01:01:11,468 - INFO - Connected to NinjaTrader 8 at 127.0.0.1:36973
2025-09-16 01:01:11,469 - INFO - Training ML model...
2025-09-16 01:01:11,688 - INFO - Model trained with accuracy: 1.000
2025-09-16 01:01:11,693 - INFO - Subscribed to market data for ES 12-24
2025-09-16 01:01:12,709 - INFO - Trading system started successfully
2025-09-16 01:01:12,709 - INFO - Starting main trading loop...
2025-09-16 01:01:21,481 - ERROR - Error in message listener: timed out
2025-09-16 01:02:37,507 - INFO - Disconnected from NinjaTrader 8
2025-09-16 01:02:37,507 - INFO - Trading system stopped
2025-09-16 01:02:37,508 - INFO - Disconnected from NinjaTrader 8
2025-09-16 01:02:37,508 - INFO - Trading system stopped
2025-09-16 01:37:17,817 - INFO - Starting NinjaTrader 8 ML Trading System
2025-09-16 01:37:17,831 - INFO - Connected to NinjaTrader 8 at 127.0.0.1:36973
2025-09-16 01:37:17,832 - INFO - Training ML model...
2025-09-16 01:37:17,834 - ERROR - Error training model: sklearn needs to be installed in order to use this module
2025-09-16 01:37:17,835 - ERROR - Failed to train model
2025-09-16 01:37:17,835 - INFO - Disconnected from NinjaTrader 8
2025-09-16 01:37:17,835 - INFO - Trading system stopped
2025-09-16 01:37:17,836 - INFO - Disconnected from NinjaTrader 8
2025-09-16 01:37:17,836 - INFO - Trading system stopped
2025-09-16 01:40:50,614 - INFO - Starting NinjaTrader 8 ML Trading System
2025-09-16 01:40:50,615 - INFO - Connected to NinjaTrader 8 at 127.0.0.1:36973
2025-09-16 01:40:50,616 - INFO - Training ML model...
2025-09-16 01:40:50,834 - INFO - Model trained with accuracy: 1.000
2025-09-16 01:40:50,835 - INFO - Subscribed to market data for ES 12-24
2025-09-16 01:40:51,836 - INFO - Trading system started successfully
2025-09-16 01:40:51,837 - INFO - Starting main trading loop...
2025-09-16 01:41:00,618 - ERROR - Error in message listener: timed out
2025-09-16 01:42:32,292 - INFO - Disconnected from NinjaTrader 8
2025-09-16 01:42:32,293 - INFO - Trading system stopped
2025-09-16 01:42:32,294 - INFO - Disconnected from NinjaTrader 8
2025-09-16 01:42:32,294 - INFO - Trading system stopped
2025-09-16 01:46:23,943 - INFO - Starting NinjaTrader 8 ML Trading System
2025-09-16 01:46:23,957 - INFO - Connected to NinjaTrader 8 at 127.0.0.1:36973
2025-09-16 01:46:23,959 - INFO - Training ML model...
2025-09-16 01:46:24,107 - INFO - Model trained with accuracy: 1.000
2025-09-16 01:46:24,107 - INFO - Subscribed to market data for ES 12-24
2025-09-16 01:46:25,109 - INFO - Trading system started successfully
2025-09-16 01:46:25,109 - INFO - Starting main trading loop...
2025-09-16 01:46:33,965 - ERROR - Error in message listener: timed out
2025-09-16 01:48:43,458 - INFO - Disconnected from NinjaTrader 8
2025-09-16 01:48:43,458 - INFO - Trading system stopped
2025-09-16 01:48:43,458 - INFO - Disconnected from NinjaTrader 8
2025-09-16 01:48:43,458 - INFO - Trading system stopped
