2025-09-16 00:31:11,129 - __main__ - INFO - ============================================================
2025-09-16 00:31:11,134 - ingestion.market_data - INFO - Collecting data for AAPL
2025-09-16 00:31:12,133 - ingestion.market_data - INFO - Collected 0 data points for AAPL from Yahoo Finance
2025-09-16 00:31:12,134 - ingestion.market_data - WARNING - Alpha Vantage API key not provided
2025-09-16 00:31:12,134 - ingestion.market_data - WARNING - No data collected for AAPL
2025-09-16 00:31:12,134 - ingestion.market_data - INFO - Collecting data for MSFT
2025-09-16 00:31:13,048 - ingestion.market_data - INFO - Collected 0 data points for MSFT from Yahoo Finance
2025-09-16 00:31:13,049 - ingestion.market_data - WARNING - Alpha Vantage API key not provided
2025-09-16 00:31:13,049 - ingestion.market_data - WARNING - No data collected for MSFT
2025-09-16 00:31:13,050 - ingestion.market_data - INFO - Collecting data for GOOGL
2025-09-16 00:31:13,933 - ingestion.market_data - INFO - Collected 0 data points for GOOGL from Yahoo Finance
2025-09-16 00:31:13,933 - ingestion.market_data - WARNING - Alpha Vantage API key not provided
2025-09-16 00:31:13,933 - ingestion.market_data - WARNING - No data collected for GOOGL
2025-09-16 00:31:13,934 - ingestion.market_data - INFO - Collecting data for AMZN
2025-09-16 00:31:14,714 - ingestion.market_data - INFO - Collected 0 data points for AMZN from Yahoo Finance
2025-09-16 00:31:14,714 - ingestion.market_data - WARNING - Alpha Vantage API key not provided
2025-09-16 00:31:14,715 - ingestion.market_data - WARNING - No data collected for AMZN
2025-09-16 00:31:14,715 - ingestion.market_data - INFO - Collecting data for TSLA
2025-09-16 00:31:15,504 - ingestion.market_data - INFO - Collected 0 data points for TSLA from Yahoo Finance
2025-09-16 00:31:15,505 - ingestion.market_data - WARNING - Alpha Vantage API key not provided
2025-09-16 00:31:15,505 - ingestion.market_data - WARNING - No data collected for TSLA
2025-09-16 00:31:15,505 - ingestion.market_data - INFO - Collecting data for SPY
2025-09-16 00:31:16,349 - ingestion.market_data - INFO - Collected 0 data points for SPY from Yahoo Finance
2025-09-16 00:31:16,349 - ingestion.market_data - WARNING - Alpha Vantage API key not provided
2025-09-16 00:31:16,350 - ingestion.market_data - WARNING - No data collected for SPY
2025-09-16 00:31:16,350 - ingestion.market_data - INFO - Collecting data for QQQ
2025-09-16 00:31:17,813 - ingestion.market_data - INFO - Collected 0 data points for QQQ from Yahoo Finance
2025-09-16 00:31:17,814 - ingestion.market_data - WARNING - Alpha Vantage API key not provided
2025-09-16 00:31:17,814 - ingestion.market_data - WARNING - No data collected for QQQ
2025-09-16 00:31:17,815 - ingestion.market_data - INFO - Collecting data for IWM
2025-09-16 00:31:19,059 - ingestion.market_data - INFO - Collected 0 data points for IWM from Yahoo Finance
2025-09-16 00:31:19,060 - ingestion.market_data - WARNING - Alpha Vantage API key not provided
2025-09-16 00:31:19,060 - ingestion.market_data - WARNING - No data collected for IWM
2025-09-16 00:31:19,060 - ingestion.market_data - INFO - Collecting data for EURUSD
2025-09-16 00:31:20,044 - ingestion.market_data - INFO - Collected 0 data points for EURUSD from Yahoo Finance
2025-09-16 00:31:20,047 - ingestion.market_data - WARNING - Alpha Vantage API key not provided
2025-09-16 00:31:20,053 - ingestion.market_data - WARNING - No data collected for EURUSD
2025-09-16 00:31:20,053 - ingestion.market_data - INFO - Collecting data for GBPUSD
2025-09-16 00:31:20,929 - ingestion.market_data - INFO - Collected 0 data points for GBPUSD from Yahoo Finance
2025-09-16 00:31:20,929 - ingestion.market_data - WARNING - Alpha Vantage API key not provided
2025-09-16 00:31:20,930 - ingestion.market_data - WARNING - No data collected for GBPUSD
2025-09-16 00:31:20,930 - ingestion.market_data - INFO - Collecting data for USDJPY
2025-09-16 00:31:22,007 - ingestion.market_data - INFO - Collected 0 data points for USDJPY from Yahoo Finance
2025-09-16 00:31:22,008 - ingestion.market_data - WARNING - Alpha Vantage API key not provided
2025-09-16 00:31:22,008 - ingestion.market_data - WARNING - No data collected for USDJPY
2025-09-16 00:31:22,009 - ingestion.market_data - INFO - Collecting data for BTC-USD
2025-09-16 00:31:23,422 - ingestion.market_data - INFO - Collected 0 data points for BTC-USD from Yahoo Finance
2025-09-16 00:31:23,422 - ingestion.market_data - WARNING - Alpha Vantage API key not provided
2025-09-16 00:31:23,422 - ingestion.market_data - WARNING - No data collected for BTC-USD
2025-09-16 00:31:23,423 - ingestion.market_data - INFO - Collecting data for ETH-USD
2025-09-16 00:31:24,718 - ingestion.market_data - INFO - Collected 0 data points for ETH-USD from Yahoo Finance
2025-09-16 00:31:24,718 - ingestion.market_data - WARNING - Alpha Vantage API key not provided
2025-09-16 00:31:24,719 - ingestion.market_data - WARNING - No data collected for ETH-USD
